Performing C SOURCE FILE Test CMAKE_HAVE_LIBC_PTHREAD failed with the following output:
Change Dir: /home/emilioag/Documents/TC2004.1/Face_Recognition/src/CMakeFiles/CMakeTmp

Run Build Command(s):/usr/bin/make cmTC_ee611/fast && /usr/bin/make -f CMakeFiles/cmTC_ee611.dir/build.make CMakeFiles/cmTC_ee611.dir/build
make[1]: Entering directory '/home/emilioag/Documents/TC2004.1/Face_Recognition/src/CMakeFiles/CMakeTmp'
Building C object CMakeFiles/cmTC_ee611.dir/src.c.o
/usr/bin/cc   -DCMAKE_HAVE_LIBC_PTHREAD   -o CMakeFiles/cmTC_ee611.dir/src.c.o   -c /home/emilioag/Documents/TC2004.1/Face_Recognition/src/CMakeFiles/CMakeTmp/src.c
Linking C executable cmTC_ee611
/usr/bin/cmake -E cmake_link_script CMakeFiles/cmTC_ee611.dir/link.txt --verbose=1
/usr/bin/cc  -DCMAKE_HAVE_LIBC_PTHREAD    -rdynamic CMakeFiles/cmTC_ee611.dir/src.c.o  -o cmTC_ee611 
/usr/bin/ld: CMakeFiles/cmTC_ee611.dir/src.c.o: in function `main':
src.c:(.text+0x46): undefined reference to `pthread_create'
/usr/bin/ld: src.c:(.text+0x52): undefined reference to `pthread_detach'
/usr/bin/ld: src.c:(.text+0x63): undefined reference to `pthread_join'
collect2: error: ld returned 1 exit status
make[1]: *** [CMakeFiles/cmTC_ee611.dir/build.make:87: cmTC_ee611] Error 1
make[1]: Leaving directory '/home/emilioag/Documents/TC2004.1/Face_Recognition/src/CMakeFiles/CMakeTmp'
make: *** [Makefile:121: cmTC_ee611/fast] Error 2


Source file was:
#include <pthread.h>

void* test_func(void* data)
{
  return data;
}

int main(void)
{
  pthread_t thread;
  pthread_create(&thread, NULL, test_func, NULL);
  pthread_detach(thread);
  pthread_join(thread, NULL);
  pthread_atfork(NULL, NULL, NULL);
  pthread_exit(NULL);

  return 0;
}

Determining if the function pthread_create exists in the pthreads failed with the following output:
Change Dir: /home/emilioag/Documents/TC2004.1/Face_Recognition/src/CMakeFiles/CMakeTmp

Run Build Command(s):/usr/bin/make cmTC_059ca/fast && /usr/bin/make -f CMakeFiles/cmTC_059ca.dir/build.make CMakeFiles/cmTC_059ca.dir/build
make[1]: Entering directory '/home/emilioag/Documents/TC2004.1/Face_Recognition/src/CMakeFiles/CMakeTmp'
Building C object CMakeFiles/cmTC_059ca.dir/CheckFunctionExists.c.o
/usr/bin/cc   -DCHECK_FUNCTION_EXISTS=pthread_create   -o CMakeFiles/cmTC_059ca.dir/CheckFunctionExists.c.o   -c /usr/share/cmake-3.16/Modules/CheckFunctionExists.c
Linking C executable cmTC_059ca
/usr/bin/cmake -E cmake_link_script CMakeFiles/cmTC_059ca.dir/link.txt --verbose=1
/usr/bin/cc  -DCHECK_FUNCTION_EXISTS=pthread_create    -rdynamic CMakeFiles/cmTC_059ca.dir/CheckFunctionExists.c.o  -o cmTC_059ca  -lpthreads 
/usr/bin/ld: cannot find -lpthreads
collect2: error: ld returned 1 exit status
make[1]: *** [CMakeFiles/cmTC_059ca.dir/build.make:87: cmTC_059ca] Error 1
make[1]: Leaving directory '/home/emilioag/Documents/TC2004.1/Face_Recognition/src/CMakeFiles/CMakeTmp'
make: *** [Makefile:121: cmTC_059ca/fast] Error 2



Determining if the function sgesv exists failed with the following output:
Change Dir: /home/emilioag/Documents/TC2004.1/Face_Recognition/src/CMakeFiles/CMakeTmp

Run Build Command(s):/usr/bin/make cmTC_028ae/fast && /usr/bin/make -f CMakeFiles/cmTC_028ae.dir/build.make CMakeFiles/cmTC_028ae.dir/build
make[1]: Entering directory '/home/emilioag/Documents/TC2004.1/Face_Recognition/src/CMakeFiles/CMakeTmp'
Building C object CMakeFiles/cmTC_028ae.dir/CheckFunctionExists.c.o
/usr/bin/cc   -DCHECK_FUNCTION_EXISTS=sgesv   -o CMakeFiles/cmTC_028ae.dir/CheckFunctionExists.c.o   -c /usr/share/cmake-3.16/Modules/CheckFunctionExists.c
Linking C executable cmTC_028ae
/usr/bin/cmake -E cmake_link_script CMakeFiles/cmTC_028ae.dir/link.txt --verbose=1
/usr/bin/cc  -DCHECK_FUNCTION_EXISTS=sgesv    -rdynamic CMakeFiles/cmTC_028ae.dir/CheckFunctionExists.c.o  -o cmTC_028ae  /usr/lib/x86_64-linux-gnu/liblapack.so 
/usr/bin/ld: CMakeFiles/cmTC_028ae.dir/CheckFunctionExists.c.o: in function `main':
CheckFunctionExists.c:(.text+0x14): undefined reference to `sgesv'
collect2: error: ld returned 1 exit status
make[1]: *** [CMakeFiles/cmTC_028ae.dir/build.make:88: cmTC_028ae] Error 1
make[1]: Leaving directory '/home/emilioag/Documents/TC2004.1/Face_Recognition/src/CMakeFiles/CMakeTmp'
make: *** [Makefile:121: cmTC_028ae/fast] Error 2



Determining if the function sgetrf_single exists failed with the following output:
Change Dir: /home/emilioag/Documents/TC2004.1/Face_Recognition/src/CMakeFiles/CMakeTmp

Run Build Command(s):/usr/bin/make cmTC_94238/fast && make[1]: Entering directory '/home/emilioag/Documents/TC2004.1/Face_Recognition/src/CMakeFiles/CMakeTmp'
/usr/bin/make -f CMakeFiles/cmTC_94238.dir/build.make CMakeFiles/cmTC_94238.dir/build
make[2]: Entering directory '/home/emilioag/Documents/TC2004.1/Face_Recognition/src/CMakeFiles/CMakeTmp'
Building C object CMakeFiles/cmTC_94238.dir/CheckFunctionExists.c.o
/usr/bin/cc   -DCHECK_FUNCTION_EXISTS=sgetrf_single   -o CMakeFiles/cmTC_94238.dir/CheckFunctionExists.c.o   -c /usr/share/cmake-3.16/Modules/CheckFunctionExists.c
Linking C executable cmTC_94238
/usr/bin/cmake -E cmake_link_script CMakeFiles/cmTC_94238.dir/link.txt --verbose=1
/usr/bin/cc  -DCHECK_FUNCTION_EXISTS=sgetrf_single    -rdynamic CMakeFiles/cmTC_94238.dir/CheckFunctionExists.c.o  -o cmTC_94238  /usr/lib/x86_64-linux-gnu/libcblas.so 
/usr/bin/ld: CMakeFiles/cmTC_94238.dir/CheckFunctionExists.c.o: in function `main':
CheckFunctionExists.c:(.text+0x14): undefined reference to `sgetrf_single'
collect2: error: ld returned 1 exit status
make[2]: *** [CMakeFiles/cmTC_94238.dir/build.make:88: cmTC_94238] Error 1
make[2]: Leaving directory '/home/emilioag/Documents/TC2004.1/Face_Recognition/src/CMakeFiles/CMakeTmp'
make[1]: *** [Makefile:121: cmTC_94238/fast] Error 2
make[1]: Leaving directory '/home/emilioag/Documents/TC2004.1/Face_Recognition/src/CMakeFiles/CMakeTmp'



