Performing C SOURCE FILE Test CMAKE_HAVE_LIBC_PTHREAD failed with the following output:
Change Dir: /home/emilioag/Documents/TC2004.1/Face_Alignment/src/CMakeFiles/CMakeTmp

Run Build Command(s):/usr/bin/make cmTC_e5d15/fast && /usr/bin/make -f CMakeFiles/cmTC_e5d15.dir/build.make CMakeFiles/cmTC_e5d15.dir/build
make[1]: Entering directory '/home/emilioag/Documents/TC2004.1/Face_Alignment/src/CMakeFiles/CMakeTmp'
Building C object CMakeFiles/cmTC_e5d15.dir/src.c.o
/usr/bin/cc   -DCMAKE_HAVE_LIBC_PTHREAD   -o CMakeFiles/cmTC_e5d15.dir/src.c.o   -c /home/emilioag/Documents/TC2004.1/Face_Alignment/src/CMakeFiles/CMakeTmp/src.c
Linking C executable cmTC_e5d15
/usr/bin/cmake -E cmake_link_script CMakeFiles/cmTC_e5d15.dir/link.txt --verbose=1
/usr/bin/cc  -DCMAKE_HAVE_LIBC_PTHREAD    -rdynamic CMakeFiles/cmTC_e5d15.dir/src.c.o  -o cmTC_e5d15 
/usr/bin/ld: CMakeFiles/cmTC_e5d15.dir/src.c.o: in function `main':
src.c:(.text+0x46): undefined reference to `pthread_create'
/usr/bin/ld: src.c:(.text+0x52): undefined reference to `pthread_detach'
/usr/bin/ld: src.c:(.text+0x63): undefined reference to `pthread_join'
collect2: error: ld returned 1 exit status
make[1]: *** [CMakeFiles/cmTC_e5d15.dir/build.make:87: cmTC_e5d15] Error 1
make[1]: Leaving directory '/home/emilioag/Documents/TC2004.1/Face_Alignment/src/CMakeFiles/CMakeTmp'
make: *** [Makefile:121: cmTC_e5d15/fast] Error 2


Source file was:
#include <pthread.h>

void* test_func(void* data)
{
  return data;
}

int main(void)
{
  pthread_t thread;
  pthread_create(&thread, NULL, test_func, NULL);
  pthread_detach(thread);
  pthread_join(thread, NULL);
  pthread_atfork(NULL, NULL, NULL);
  pthread_exit(NULL);

  return 0;
}

Determining if the function pthread_create exists in the pthreads failed with the following output:
Change Dir: /home/emilioag/Documents/TC2004.1/Face_Alignment/src/CMakeFiles/CMakeTmp

Run Build Command(s):/usr/bin/make cmTC_8b6a6/fast && /usr/bin/make -f CMakeFiles/cmTC_8b6a6.dir/build.make CMakeFiles/cmTC_8b6a6.dir/build
make[1]: Entering directory '/home/emilioag/Documents/TC2004.1/Face_Alignment/src/CMakeFiles/CMakeTmp'
Building C object CMakeFiles/cmTC_8b6a6.dir/CheckFunctionExists.c.o
/usr/bin/cc   -DCHECK_FUNCTION_EXISTS=pthread_create   -o CMakeFiles/cmTC_8b6a6.dir/CheckFunctionExists.c.o   -c /usr/share/cmake-3.16/Modules/CheckFunctionExists.c
Linking C executable cmTC_8b6a6
/usr/bin/cmake -E cmake_link_script CMakeFiles/cmTC_8b6a6.dir/link.txt --verbose=1
/usr/bin/cc  -DCHECK_FUNCTION_EXISTS=pthread_create    -rdynamic CMakeFiles/cmTC_8b6a6.dir/CheckFunctionExists.c.o  -o cmTC_8b6a6  -lpthreads 
/usr/bin/ld: cannot find -lpthreads
collect2: error: ld returned 1 exit status
make[1]: *** [CMakeFiles/cmTC_8b6a6.dir/build.make:87: cmTC_8b6a6] Error 1
make[1]: Leaving directory '/home/emilioag/Documents/TC2004.1/Face_Alignment/src/CMakeFiles/CMakeTmp'
make: *** [Makefile:121: cmTC_8b6a6/fast] Error 2



Determining if the function sgesv exists failed with the following output:
Change Dir: /home/emilioag/Documents/TC2004.1/Face_Alignment/src/CMakeFiles/CMakeTmp

Run Build Command(s):/usr/bin/make cmTC_84976/fast && /usr/bin/make -f CMakeFiles/cmTC_84976.dir/build.make CMakeFiles/cmTC_84976.dir/build
make[1]: Entering directory '/home/emilioag/Documents/TC2004.1/Face_Alignment/src/CMakeFiles/CMakeTmp'
Building C object CMakeFiles/cmTC_84976.dir/CheckFunctionExists.c.o
/usr/bin/cc   -DCHECK_FUNCTION_EXISTS=sgesv   -o CMakeFiles/cmTC_84976.dir/CheckFunctionExists.c.o   -c /usr/share/cmake-3.16/Modules/CheckFunctionExists.c
Linking C executable cmTC_84976
/usr/bin/cmake -E cmake_link_script CMakeFiles/cmTC_84976.dir/link.txt --verbose=1
/usr/bin/cc  -DCHECK_FUNCTION_EXISTS=sgesv    -rdynamic CMakeFiles/cmTC_84976.dir/CheckFunctionExists.c.o  -o cmTC_84976  /usr/lib/x86_64-linux-gnu/liblapack.so 
/usr/bin/ld: CMakeFiles/cmTC_84976.dir/CheckFunctionExists.c.o: in function `main':
CheckFunctionExists.c:(.text+0x14): undefined reference to `sgesv'
collect2: error: ld returned 1 exit status
make[1]: *** [CMakeFiles/cmTC_84976.dir/build.make:88: cmTC_84976] Error 1
make[1]: Leaving directory '/home/emilioag/Documents/TC2004.1/Face_Alignment/src/CMakeFiles/CMakeTmp'
make: *** [Makefile:121: cmTC_84976/fast] Error 2



Determining if the function sgetrf_single exists failed with the following output:
Change Dir: /home/emilioag/Documents/TC2004.1/Face_Alignment/src/CMakeFiles/CMakeTmp

Run Build Command(s):/usr/bin/make cmTC_11765/fast && /usr/bin/make -f CMakeFiles/cmTC_11765.dir/build.make CMakeFiles/cmTC_11765.dir/build
make[1]: Entering directory '/home/emilioag/Documents/TC2004.1/Face_Alignment/src/CMakeFiles/CMakeTmp'
Building C object CMakeFiles/cmTC_11765.dir/CheckFunctionExists.c.o
/usr/bin/cc   -DCHECK_FUNCTION_EXISTS=sgetrf_single   -o CMakeFiles/cmTC_11765.dir/CheckFunctionExists.c.o   -c /usr/share/cmake-3.16/Modules/CheckFunctionExists.c
Linking C executable cmTC_11765
/usr/bin/cmake -E cmake_link_script CMakeFiles/cmTC_11765.dir/link.txt --verbose=1
/usr/bin/cc  -DCHECK_FUNCTION_EXISTS=sgetrf_single    -rdynamic CMakeFiles/cmTC_11765.dir/CheckFunctionExists.c.o  -o cmTC_11765  /usr/lib/x86_64-linux-gnu/libcblas.so 
/usr/bin/ld: CMakeFiles/cmTC_11765.dir/CheckFunctionExists.c.o: in function `main':
CheckFunctionExists.c:(.text+0x14): undefined reference to `sgetrf_single'
collect2: error: ld returned 1 exit status
make[1]: *** [CMakeFiles/cmTC_11765.dir/build.make:88: cmTC_11765] Error 1
make[1]: Leaving directory '/home/emilioag/Documents/TC2004.1/Face_Alignment/src/CMakeFiles/CMakeTmp'
make: *** [Makefile:121: cmTC_11765/fast] Error 2



Determining if the function sgetrf_single exists failed with the following output:
Change Dir: /Users/chrisMac/Desktop/TEC/5 semestre/Software/PFinal/TC2004.1/Face_Alignment/src/CMakeFiles/CMakeTmp

Run Build Command(s):/usr/local/bin/gmake cmTC_8965f/fast && /usr/local/bin/gmake  -f CMakeFiles/cmTC_8965f.dir/build.make CMakeFiles/cmTC_8965f.dir/build
gmake[1]: Entering directory '/Users/chrisMac/Desktop/TEC/5 semestre/Software/PFinal/TC2004.1/Face_Alignment/src/CMakeFiles/CMakeTmp'
Building C object CMakeFiles/cmTC_8965f.dir/CheckFunctionExists.c.o
/Applications/Xcode.app/Contents/Developer/Toolchains/XcodeDefault.xctoolchain/usr/bin/cc   -DCHECK_FUNCTION_EXISTS=sgetrf_single -isysroot /Applications/Xcode.app/Contents/Developer/Platforms/MacOSX.platform/Developer/SDKs/MacOSX10.15.sdk -o CMakeFiles/cmTC_8965f.dir/CheckFunctionExists.c.o -c /usr/local/Cellar/cmake/3.18.2/share/cmake/Modules/CheckFunctionExists.c
Linking C executable cmTC_8965f
/usr/local/Cellar/cmake/3.18.2/bin/cmake -E cmake_link_script CMakeFiles/cmTC_8965f.dir/link.txt --verbose=1
/Applications/Xcode.app/Contents/Developer/Toolchains/XcodeDefault.xctoolchain/usr/bin/cc  -DCHECK_FUNCTION_EXISTS=sgetrf_single -isysroot /Applications/Xcode.app/Contents/Developer/Platforms/MacOSX.platform/Developer/SDKs/MacOSX10.15.sdk -Wl,-search_paths_first -Wl,-headerpad_max_install_names CMakeFiles/cmTC_8965f.dir/CheckFunctionExists.c.o -o cmTC_8965f  /Applications/Xcode.app/Contents/Developer/Platforms/MacOSX.platform/Developer/SDKs/MacOSX10.15.sdk/usr/lib/libcblas.tbd 
Undefined symbols for architecture x86_64:
  "_sgetrf_single", referenced from:
      _main in CheckFunctionExists.c.o
ld: symbol(s) not found for architecture x86_64
clang: error: linker command failed with exit code 1 (use -v to see invocation)
gmake[1]: *** [CMakeFiles/cmTC_8965f.dir/build.make:107: cmTC_8965f] Error 1
gmake[1]: Leaving directory '/Users/chrisMac/Desktop/TEC/5 semestre/Software/PFinal/TC2004.1/Face_Alignment/src/CMakeFiles/CMakeTmp'
gmake: *** [Makefile:140: cmTC_8965f/fast] Error 2



Performing C SOURCE FILE Test CMAKE_HAVE_LIBC_PTHREAD failed with the following output:
Change Dir: /home/emilioag/Documents/TC2004.1/Face_Alignment/src/CMakeFiles/CMakeTmp

Run Build Command(s):/usr/bin/make cmTC_69f1b/fast && /usr/bin/make -f CMakeFiles/cmTC_69f1b.dir/build.make CMakeFiles/cmTC_69f1b.dir/build
make[1]: Entering directory '/home/emilioag/Documents/TC2004.1/Face_Alignment/src/CMakeFiles/CMakeTmp'
Building C object CMakeFiles/cmTC_69f1b.dir/src.c.o
/usr/bin/cc   -DCMAKE_HAVE_LIBC_PTHREAD   -o CMakeFiles/cmTC_69f1b.dir/src.c.o   -c /home/emilioag/Documents/TC2004.1/Face_Alignment/src/CMakeFiles/CMakeTmp/src.c
Linking C executable cmTC_69f1b
/usr/bin/cmake -E cmake_link_script CMakeFiles/cmTC_69f1b.dir/link.txt --verbose=1
/usr/bin/cc  -DCMAKE_HAVE_LIBC_PTHREAD    -rdynamic CMakeFiles/cmTC_69f1b.dir/src.c.o  -o cmTC_69f1b 
/usr/bin/ld: CMakeFiles/cmTC_69f1b.dir/src.c.o: in function `main':
src.c:(.text+0x46): undefined reference to `pthread_create'
/usr/bin/ld: src.c:(.text+0x52): undefined reference to `pthread_detach'
/usr/bin/ld: src.c:(.text+0x63): undefined reference to `pthread_join'
collect2: error: ld returned 1 exit status
make[1]: *** [CMakeFiles/cmTC_69f1b.dir/build.make:87: cmTC_69f1b] Error 1
make[1]: Leaving directory '/home/emilioag/Documents/TC2004.1/Face_Alignment/src/CMakeFiles/CMakeTmp'
make: *** [Makefile:121: cmTC_69f1b/fast] Error 2


Source file was:
#include <pthread.h>

void* test_func(void* data)
{
  return data;
}

int main(void)
{
  pthread_t thread;
  pthread_create(&thread, NULL, test_func, NULL);
  pthread_detach(thread);
  pthread_join(thread, NULL);
  pthread_atfork(NULL, NULL, NULL);
  pthread_exit(NULL);

  return 0;
}

Determining if the function pthread_create exists in the pthreads failed with the following output:
Change Dir: /home/emilioag/Documents/TC2004.1/Face_Alignment/src/CMakeFiles/CMakeTmp

Run Build Command(s):/usr/bin/make cmTC_631cd/fast && /usr/bin/make -f CMakeFiles/cmTC_631cd.dir/build.make CMakeFiles/cmTC_631cd.dir/build
make[1]: Entering directory '/home/emilioag/Documents/TC2004.1/Face_Alignment/src/CMakeFiles/CMakeTmp'
Building C object CMakeFiles/cmTC_631cd.dir/CheckFunctionExists.c.o
/usr/bin/cc   -DCHECK_FUNCTION_EXISTS=pthread_create   -o CMakeFiles/cmTC_631cd.dir/CheckFunctionExists.c.o   -c /usr/share/cmake-3.16/Modules/CheckFunctionExists.c
Linking C executable cmTC_631cd
/usr/bin/cmake -E cmake_link_script CMakeFiles/cmTC_631cd.dir/link.txt --verbose=1
/usr/bin/cc  -DCHECK_FUNCTION_EXISTS=pthread_create    -rdynamic CMakeFiles/cmTC_631cd.dir/CheckFunctionExists.c.o  -o cmTC_631cd  -lpthreads 
/usr/bin/ld: cannot find -lpthreads
collect2: error: ld returned 1 exit status
make[1]: *** [CMakeFiles/cmTC_631cd.dir/build.make:87: cmTC_631cd] Error 1
make[1]: Leaving directory '/home/emilioag/Documents/TC2004.1/Face_Alignment/src/CMakeFiles/CMakeTmp'
make: *** [Makefile:121: cmTC_631cd/fast] Error 2



Performing C SOURCE FILE Test CMAKE_HAVE_LIBC_PTHREAD failed with the following output:
Change Dir: /home/emilioag/Documents/TC2004.1/Face_Alignment/src/CMakeFiles/CMakeTmp

Run Build Command(s):/usr/bin/make cmTC_114f3/fast && /usr/bin/make -f CMakeFiles/cmTC_114f3.dir/build.make CMakeFiles/cmTC_114f3.dir/build
make[1]: Entering directory '/home/emilioag/Documents/TC2004.1/Face_Alignment/src/CMakeFiles/CMakeTmp'
Building C object CMakeFiles/cmTC_114f3.dir/src.c.o
/usr/bin/cc   -DCMAKE_HAVE_LIBC_PTHREAD   -o CMakeFiles/cmTC_114f3.dir/src.c.o   -c /home/emilioag/Documents/TC2004.1/Face_Alignment/src/CMakeFiles/CMakeTmp/src.c
Linking C executable cmTC_114f3
/usr/bin/cmake -E cmake_link_script CMakeFiles/cmTC_114f3.dir/link.txt --verbose=1
/usr/bin/cc  -DCMAKE_HAVE_LIBC_PTHREAD    -rdynamic CMakeFiles/cmTC_114f3.dir/src.c.o  -o cmTC_114f3 
/usr/bin/ld: CMakeFiles/cmTC_114f3.dir/src.c.o: in function `main':
src.c:(.text+0x46): undefined reference to `pthread_create'
/usr/bin/ld: src.c:(.text+0x52): undefined reference to `pthread_detach'
/usr/bin/ld: src.c:(.text+0x63): undefined reference to `pthread_join'
collect2: error: ld returned 1 exit status
make[1]: *** [CMakeFiles/cmTC_114f3.dir/build.make:87: cmTC_114f3] Error 1
make[1]: Leaving directory '/home/emilioag/Documents/TC2004.1/Face_Alignment/src/CMakeFiles/CMakeTmp'
make: *** [Makefile:121: cmTC_114f3/fast] Error 2


Source file was:
#include <pthread.h>

void* test_func(void* data)
{
  return data;
}

int main(void)
{
  pthread_t thread;
  pthread_create(&thread, NULL, test_func, NULL);
  pthread_detach(thread);
  pthread_join(thread, NULL);
  pthread_atfork(NULL, NULL, NULL);
  pthread_exit(NULL);

  return 0;
}

Determining if the function pthread_create exists in the pthreads failed with the following output:
Change Dir: /home/emilioag/Documents/TC2004.1/Face_Alignment/src/CMakeFiles/CMakeTmp

Run Build Command(s):/usr/bin/make cmTC_ed70a/fast && /usr/bin/make -f CMakeFiles/cmTC_ed70a.dir/build.make CMakeFiles/cmTC_ed70a.dir/build
make[1]: Entering directory '/home/emilioag/Documents/TC2004.1/Face_Alignment/src/CMakeFiles/CMakeTmp'
Building C object CMakeFiles/cmTC_ed70a.dir/CheckFunctionExists.c.o
/usr/bin/cc   -DCHECK_FUNCTION_EXISTS=pthread_create   -o CMakeFiles/cmTC_ed70a.dir/CheckFunctionExists.c.o   -c /usr/share/cmake-3.16/Modules/CheckFunctionExists.c
Linking C executable cmTC_ed70a
/usr/bin/cmake -E cmake_link_script CMakeFiles/cmTC_ed70a.dir/link.txt --verbose=1
/usr/bin/cc  -DCHECK_FUNCTION_EXISTS=pthread_create    -rdynamic CMakeFiles/cmTC_ed70a.dir/CheckFunctionExists.c.o  -o cmTC_ed70a  -lpthreads 
/usr/bin/ld: cannot find -lpthreads
collect2: error: ld returned 1 exit status
make[1]: *** [CMakeFiles/cmTC_ed70a.dir/build.make:87: cmTC_ed70a] Error 1
make[1]: Leaving directory '/home/emilioag/Documents/TC2004.1/Face_Alignment/src/CMakeFiles/CMakeTmp'
make: *** [Makefile:121: cmTC_ed70a/fast] Error 2



Determining if the function sgesv exists failed with the following output:
Change Dir: /home/emilioag/Documents/TC2004.1/Face_Alignment/src/CMakeFiles/CMakeTmp

Run Build Command(s):/usr/bin/make cmTC_4a63a/fast && /usr/bin/make -f CMakeFiles/cmTC_4a63a.dir/build.make CMakeFiles/cmTC_4a63a.dir/build
make[1]: Entering directory '/home/emilioag/Documents/TC2004.1/Face_Alignment/src/CMakeFiles/CMakeTmp'
Building C object CMakeFiles/cmTC_4a63a.dir/CheckFunctionExists.c.o
/usr/bin/cc   -DCHECK_FUNCTION_EXISTS=sgesv   -o CMakeFiles/cmTC_4a63a.dir/CheckFunctionExists.c.o   -c /usr/share/cmake-3.16/Modules/CheckFunctionExists.c
Linking C executable cmTC_4a63a
/usr/bin/cmake -E cmake_link_script CMakeFiles/cmTC_4a63a.dir/link.txt --verbose=1
/usr/bin/cc  -DCHECK_FUNCTION_EXISTS=sgesv    -rdynamic CMakeFiles/cmTC_4a63a.dir/CheckFunctionExists.c.o  -o cmTC_4a63a  /usr/lib/x86_64-linux-gnu/liblapack.so 
/usr/bin/ld: CMakeFiles/cmTC_4a63a.dir/CheckFunctionExists.c.o: in function `main':
CheckFunctionExists.c:(.text+0x14): undefined reference to `sgesv'
collect2: error: ld returned 1 exit status
make[1]: *** [CMakeFiles/cmTC_4a63a.dir/build.make:88: cmTC_4a63a] Error 1
make[1]: Leaving directory '/home/emilioag/Documents/TC2004.1/Face_Alignment/src/CMakeFiles/CMakeTmp'
make: *** [Makefile:121: cmTC_4a63a/fast] Error 2



