Performing C SOURCE FILE Test CMAKE_HAVE_LIBC_PTHREAD failed with the following output:
Change Dir: /home/emilioag/Documents/TC2004.1/Face_Recognition/build/CMakeFiles/CMakeTmp

Run Build Command(s):/usr/bin/make cmTC_e16f7/fast && /usr/bin/make -f CMakeFiles/cmTC_e16f7.dir/build.make CMakeFiles/cmTC_e16f7.dir/build
make[1]: Entering directory '/home/emilioag/Documents/TC2004.1/Face_Recognition/build/CMakeFiles/CMakeTmp'
Building C object CMakeFiles/cmTC_e16f7.dir/src.c.o
/usr/bin/cc   -DCMAKE_HAVE_LIBC_PTHREAD   -o CMakeFiles/cmTC_e16f7.dir/src.c.o   -c /home/emilioag/Documents/TC2004.1/Face_Recognition/build/CMakeFiles/CMakeTmp/src.c
Linking C executable cmTC_e16f7
/usr/bin/cmake -E cmake_link_script CMakeFiles/cmTC_e16f7.dir/link.txt --verbose=1
/usr/bin/cc  -DCMAKE_HAVE_LIBC_PTHREAD    -rdynamic CMakeFiles/cmTC_e16f7.dir/src.c.o  -o cmTC_e16f7 
/usr/bin/ld: CMakeFiles/cmTC_e16f7.dir/src.c.o: in function `main':
src.c:(.text+0x46): undefined reference to `pthread_create'
/usr/bin/ld: src.c:(.text+0x52): undefined reference to `pthread_detach'
/usr/bin/ld: src.c:(.text+0x63): undefined reference to `pthread_join'
collect2: error: ld returned 1 exit status
make[1]: *** [CMakeFiles/cmTC_e16f7.dir/build.make:87: cmTC_e16f7] Error 1
make[1]: Leaving directory '/home/emilioag/Documents/TC2004.1/Face_Recognition/build/CMakeFiles/CMakeTmp'
make: *** [Makefile:121: cmTC_e16f7/fast] Error 2


Source file was:
#include <pthread.h>

void* test_func(void* data)
{
  return data;
}

int main(void)
{
  pthread_t thread;
  pthread_create(&thread, NULL, test_func, NULL);
  pthread_detach(thread);
  pthread_join(thread, NULL);
  pthread_atfork(NULL, NULL, NULL);
  pthread_exit(NULL);

  return 0;
}

Determining if the function pthread_create exists in the pthreads failed with the following output:
Change Dir: /home/emilioag/Documents/TC2004.1/Face_Recognition/build/CMakeFiles/CMakeTmp

Run Build Command(s):/usr/bin/make cmTC_286ae/fast && /usr/bin/make -f CMakeFiles/cmTC_286ae.dir/build.make CMakeFiles/cmTC_286ae.dir/build
make[1]: Entering directory '/home/emilioag/Documents/TC2004.1/Face_Recognition/build/CMakeFiles/CMakeTmp'
Building C object CMakeFiles/cmTC_286ae.dir/CheckFunctionExists.c.o
/usr/bin/cc   -DCHECK_FUNCTION_EXISTS=pthread_create   -o CMakeFiles/cmTC_286ae.dir/CheckFunctionExists.c.o   -c /usr/share/cmake-3.16/Modules/CheckFunctionExists.c
Linking C executable cmTC_286ae
/usr/bin/cmake -E cmake_link_script CMakeFiles/cmTC_286ae.dir/link.txt --verbose=1
/usr/bin/cc  -DCHECK_FUNCTION_EXISTS=pthread_create    -rdynamic CMakeFiles/cmTC_286ae.dir/CheckFunctionExists.c.o  -o cmTC_286ae  -lpthreads 
/usr/bin/ld: cannot find -lpthreads
collect2: error: ld returned 1 exit status
make[1]: *** [CMakeFiles/cmTC_286ae.dir/build.make:87: cmTC_286ae] Error 1
make[1]: Leaving directory '/home/emilioag/Documents/TC2004.1/Face_Recognition/build/CMakeFiles/CMakeTmp'
make: *** [Makefile:121: cmTC_286ae/fast] Error 2



Determining if the function sgesv exists failed with the following output:
Change Dir: /home/emilioag/Documents/TC2004.1/Face_Recognition/build/CMakeFiles/CMakeTmp

Run Build Command(s):/usr/bin/make cmTC_75f98/fast && /usr/bin/make -f CMakeFiles/cmTC_75f98.dir/build.make CMakeFiles/cmTC_75f98.dir/build
make[1]: Entering directory '/home/emilioag/Documents/TC2004.1/Face_Recognition/build/CMakeFiles/CMakeTmp'
Building C object CMakeFiles/cmTC_75f98.dir/CheckFunctionExists.c.o
/usr/bin/cc   -DCHECK_FUNCTION_EXISTS=sgesv   -o CMakeFiles/cmTC_75f98.dir/CheckFunctionExists.c.o   -c /usr/share/cmake-3.16/Modules/CheckFunctionExists.c
Linking C executable cmTC_75f98
/usr/bin/cmake -E cmake_link_script CMakeFiles/cmTC_75f98.dir/link.txt --verbose=1
/usr/bin/cc  -DCHECK_FUNCTION_EXISTS=sgesv    -rdynamic CMakeFiles/cmTC_75f98.dir/CheckFunctionExists.c.o  -o cmTC_75f98  /usr/lib/x86_64-linux-gnu/liblapack.so 
/usr/bin/ld: CMakeFiles/cmTC_75f98.dir/CheckFunctionExists.c.o: in function `main':
CheckFunctionExists.c:(.text+0x14): undefined reference to `sgesv'
collect2: error: ld returned 1 exit status
make[1]: *** [CMakeFiles/cmTC_75f98.dir/build.make:88: cmTC_75f98] Error 1
make[1]: Leaving directory '/home/emilioag/Documents/TC2004.1/Face_Recognition/build/CMakeFiles/CMakeTmp'
make: *** [Makefile:121: cmTC_75f98/fast] Error 2



Determining if the function sgetrf_single exists failed with the following output:
Change Dir: /home/emilioag/Documents/TC2004.1/Face_Recognition/build/CMakeFiles/CMakeTmp

Run Build Command(s):/usr/bin/make cmTC_c443c/fast && make[1]: Entering directory '/home/emilioag/Documents/TC2004.1/Face_Recognition/build/CMakeFiles/CMakeTmp'
/usr/bin/make -f CMakeFiles/cmTC_c443c.dir/build.make CMakeFiles/cmTC_c443c.dir/build
make[2]: Entering directory '/home/emilioag/Documents/TC2004.1/Face_Recognition/build/CMakeFiles/CMakeTmp'
Building C object CMakeFiles/cmTC_c443c.dir/CheckFunctionExists.c.o
/usr/bin/cc   -DCHECK_FUNCTION_EXISTS=sgetrf_single   -o CMakeFiles/cmTC_c443c.dir/CheckFunctionExists.c.o   -c /usr/share/cmake-3.16/Modules/CheckFunctionExists.c
Linking C executable cmTC_c443c
/usr/bin/cmake -E cmake_link_script CMakeFiles/cmTC_c443c.dir/link.txt --verbose=1
/usr/bin/cc  -DCHECK_FUNCTION_EXISTS=sgetrf_single    -rdynamic CMakeFiles/cmTC_c443c.dir/CheckFunctionExists.c.o  -o cmTC_c443c  /usr/lib/x86_64-linux-gnu/libcblas.so 
/usr/bin/ld: CMakeFiles/cmTC_c443c.dir/CheckFunctionExists.c.o: in function `main':
CheckFunctionExists.c:(.text+0x14): undefined reference to `sgetrf_single'
collect2: error: ld returned 1 exit status
make[2]: *** [CMakeFiles/cmTC_c443c.dir/build.make:88: cmTC_c443c] Error 1
make[2]: Leaving directory '/home/emilioag/Documents/TC2004.1/Face_Recognition/build/CMakeFiles/CMakeTmp'
make[1]: *** [Makefile:121: cmTC_c443c/fast] Error 2
make[1]: Leaving directory '/home/emilioag/Documents/TC2004.1/Face_Recognition/build/CMakeFiles/CMakeTmp'



